<?xml version="1.0" encoding="UTF-8"?>
<testng-results skipped="0" failed="0" total="1" passed="1">
  <reporter-output>
  </reporter-output>
  <suite name="Default suite" duration-ms="10037" started-at="2021-05-31T10:14:02Z" finished-at="2021-05-31T10:14:12Z">
    <groups>
    </groups>
    <test name="Default test" duration-ms="10037" started-at="2021-05-31T10:14:02Z" finished-at="2021-05-31T10:14:12Z">
      <class name="com.comcast.CRUDPractice.CreateProject">
        <test-method status="PASS" signature="createProjectTest()[pri:0, instance:com.comcast.CRUDPractice.CreateProject@591f989e]" name="createProjectTest" duration-ms="10005" started-at="2021-05-31T15:44:02Z" finished-at="2021-05-31T15:44:12Z">
          <reporter-output>
          </reporter-output>
        </test-method> <!-- createProjectTest -->
      </class> <!-- com.comcast.CRUDPractice.CreateProject -->
    </test> <!-- Default test -->
  </suite> <!-- Default suite -->
</testng-results>
